2026-07-08T09:46:09.455356100 INFO Connection pool initialized
2026-07-08T09:46:09.456357 WARN Slow query detected
2026-07-08T09:46:09.457356300 ERROR Database connection timeout
2026-07-08T09:46:09.457356300 ERROR Database unavailable
2026-07-08T09:46:39.454775100 INFO Connection pool initialized
2026-07-08T09:46:39.454775100 WARN Slow query detected
2026-07-08T09:46:39.454775100 ERROR Database connection timeout
2026-07-08T09:46:39.454775100 ERROR Database unavailable
2026-07-08T09:47:09.457784500 INFO Connection pool initialized
2026-07-08T09:47:09.458785900 WARN Slow query detected
2026-07-08T09:47:09.458785900 ERROR Database connection timeout
2026-07-08T09:47:09.459787200 ERROR Database unavailable
2026-07-08T09:47:39.449126700 INFO JVM Started
2026-07-08T09:47:39.450281400 WARN Heap usage reached 90%
2026-07-08T09:47:39.451788 ERROR OutOfMemoryError
2026-07-08T09:48:09.448082200 INFO Redis initialized
2026-07-08T09:48:09.450080100 WARN Redis latency increased
2026-07-08T09:48:09.452079100 ERROR Redis connection lost
2026-07-08T09:48:39.460567800 INFO Redis initialized
2026-07-08T09:48:39.474607700 WARN Redis latency increased
2026-07-08T09:48:39.477571200 ERROR Redis connection lost
2026-07-08T09:49:09.445829900 INFO JVM Started
2026-07-08T09:49:09.446734700 WARN Heap usage reached 90%
2026-07-08T09:49:09.450679300 ERROR OutOfMemoryError
2026-07-08T09:49:39.441865300 INFO Redis initialized
2026-07-08T09:49:39.441865300 WARN Redis latency increased
2026-07-08T09:49:39.442866600 ERROR Redis connection lost
2026-07-08T09:50:09.453048900 INFO Redis initialized
2026-07-08T09:50:09.454055700 WARN Redis latency increased
2026-07-08T09:50:09.454055700 ERROR Redis connection lost
2026-07-08T09:50:39.453031 INFO Connection pool initialized
2026-07-08T09:50:39.455141 WARN Slow query detected
2026-07-08T09:50:39.455141 ERROR Database connection timeout
2026-07-08T09:50:39.455141 ERROR Database unavailable
2026-07-08T09:51:09.447272400 INFO JVM Started
2026-07-08T09:51:09.448396800 WARN Heap usage reached 90%
2026-07-08T09:51:09.450269200 ERROR OutOfMemoryError
2026-07-08T09:51:39.436498500 INFO Connection pool initialized
2026-07-08T09:51:39.437495800 WARN Slow query detected
2026-07-08T09:51:39.438492100 ERROR Database connection timeout
2026-07-08T09:51:39.439492700 ERROR Database unavailable
2026-07-08T09:52:09.435750400 INFO Connection pool initialized
2026-07-08T09:52:09.435750400 WARN Slow query detected
2026-07-08T09:52:09.435750400 ERROR Database connection timeout
2026-07-08T09:52:09.435750400 ERROR Database unavailable
2026-07-08T09:52:39.433270800 INFO Redis initialized
2026-07-08T09:52:39.433270800 WARN Redis latency increased
2026-07-08T09:52:39.433270800 ERROR Redis connection lost
2026-07-08T09:53:09.443527800 INFO Redis initialized
2026-07-08T09:53:09.444617 WARN Redis latency increased
2026-07-08T09:53:09.444617 ERROR Redis connection lost
2026-07-08T09:53:39.445346 INFO Connection pool initialized
2026-07-08T09:53:39.446347500 WARN Slow query detected
2026-07-08T09:53:39.446347500 ERROR Database connection timeout
2026-07-08T09:53:39.447339200 ERROR Database unavailable
2026-07-08T09:54:09.435085 INFO Connection pool initialized
2026-07-08T09:54:09.435997300 WARN Slow query detected
2026-07-08T09:54:09.435997300 ERROR Database connection timeout
2026-07-08T09:54:09.435997300 ERROR Database unavailable
2026-07-08T09:54:39.437248900 INFO Connection pool initialized
2026-07-08T09:54:39.438225900 WARN Slow query detected
2026-07-08T09:54:39.438225900 ERROR Database connection timeout
2026-07-08T09:54:39.439224700 ERROR Database unavailable
2026-07-08T09:55:09.427078100 INFO Redis initialized
2026-07-08T09:55:09.427078100 WARN Redis latency increased
2026-07-08T09:55:09.427078100 ERROR Redis connection lost
2026-07-08T09:55:39.434365500 INFO Redis initialized
2026-07-08T09:55:39.435478400 WARN Redis latency increased
2026-07-08T09:55:39.436470400 ERROR Redis connection lost
2026-07-08T09:57:21.820219400 INFO JVM Started
2026-07-08T09:57:21.821220100 WARN Heap usage reached 90%
2026-07-08T09:57:21.822219600 ERROR OutOfMemoryError
